<?xml version="1.0" encoding="UTF-8"?>
<testng-results skipped="0" failed="1" ignored="4" total="7" passed="2">
  <reporter-output>
  </reporter-output>
  <suite name="ClubownerFlow" duration-ms="68185" started-at="2019-08-13T10:09:20Z" finished-at="2019-08-13T10:10:29Z">
    <groups>
    </groups>
    <test name="ClubownerFlow test" duration-ms="68185" started-at="2019-08-13T10:09:20Z" finished-at="2019-08-13T10:10:29Z">
      <class name="com.Baseclass">
        <test-method status="PASS" signature="applaunch()[pri:0, instance:com.Baseclass@35fb3008]" name="applaunch" duration-ms="43837" started-at="2019-08-13T10:09:20Z" finished-at="2019-08-13T10:10:04Z">
          <reporter-output>
          </reporter-output>
        </test-method> <!-- applaunch -->
      </class> <!-- com.Baseclass -->
      <class name="clubowner.Clubownerflow">
        <test-method status="PASS" signature="splashTest()[pri:1, instance:clubowner.Clubownerflow@7225790e]" name="splashTest" duration-ms="6175" started-at="2019-08-13T10:10:04Z" finished-at="2019-08-13T10:10:10Z">
          <reporter-output>
          </reporter-output>
        </test-method> <!-- splashTest -->
        <test-method status="FAIL" signature="clubSignupTest()[pri:2, instance:clubowner.Clubownerflow@7225790e]" name="clubSignupTest" duration-ms="18129" started-at="2019-08-13T10:10:10Z" finished-at="2019-08-13T10:10:29Z">
          <exception class="org.openqa.selenium.WebDriverException">
            <message>
              <![CDATA[An unknown server-side error occurred while processing the command. Original error: Error Domain=com.facebook.WebDriverAgent Code=1 "Keyboard is not present" UserInfo={NSLocalizedDescription=Keyboard is not present}
Build info: version: '3.141.59', revision: 'e82be7d358', time: '2018-11-14T08:17:03'
System info: host: 'YuvrajR.local', ip: 'fe80:0:0:0:14ad:8345:efe1:56be%en0', os.name: 'Mac OS X', os.arch: 'x86_64', os.version: '10.13.6', java.version: '1.8.0_192'
Driver info: io.appium.java_client.ios.IOSDriver
Capabilities {app: /Users/yuvraj.rajput/Deskto..., automationName: XCUITest, browserName: , databaseEnabled: false, deviceName: iPhone 6s Plus (12.2), javascriptEnabled: true, locationContextEnabled: false, networkConnectionEnabled: false, platform: MAC, platformName: iOS, platformVersion: 12.3.1, takesScreenshot: true, udid: F0D1378E-5C99-494E-9C5D-4C7..., webStorageEnabled: false}
Session ID: 56ede632-4231-46fc-a584-36cfb624668e]]>
            </message>
            <full-stacktrace>
              <![CDATA[org.openqa.selenium.WebDriverException: An unknown server-side error occurred while processing the command. Original error: Error Domain=com.facebook.WebDriverAgent Code=1 "Keyboard is not present" UserInfo={NSLocalizedDescription=Keyboard is not present}
Build info: version: '3.141.59', revision: 'e82be7d358', time: '2018-11-14T08:17:03'
System info: host: 'YuvrajR.local', ip: 'fe80:0:0:0:14ad:8345:efe1:56be%en0', os.name: 'Mac OS X', os.arch: 'x86_64', os.version: '10.13.6', java.version: '1.8.0_192'
Driver info: io.appium.java_client.ios.IOSDriver
Capabilities {app: /Users/yuvraj.rajput/Deskto..., automationName: XCUITest, browserName: , databaseEnabled: false, deviceName: iPhone 6s Plus (12.2), javascriptEnabled: true, locationContextEnabled: false, networkConnectionEnabled: false, platform: MAC, platformName: iOS, platformVersion: 12.3.1, takesScreenshot: true, udid: F0D1378E-5C99-494E-9C5D-4C7..., webStorageEnabled: false}
Session ID: 56ede632-4231-46fc-a584-36cfb624668e
at sun.reflect.NativeConstructorAccessorImpl.newInstance0(Native Method)
at sun.reflect.NativeConstructorAccessorImpl.newInstance(NativeConstructorAccessorImpl.java:62)
at sun.reflect.DelegatingConstructorAccessorImpl.newInstance(DelegatingConstructorAccessorImpl.java:45)
at java.lang.reflect.Constructor.newInstance(Constructor.java:423)
at org.openqa.selenium.remote.http.W3CHttpResponseCodec.createException(W3CHttpResponseCodec.java:187)
at org.openqa.selenium.remote.http.W3CHttpResponseCodec.decode(W3CHttpResponseCodec.java:122)
at org.openqa.selenium.remote.http.W3CHttpResponseCodec.decode(W3CHttpResponseCodec.java:49)
at org.openqa.selenium.remote.HttpCommandExecutor.execute(HttpCommandExecutor.java:158)
at io.appium.java_client.remote.AppiumCommandExecutor.execute(AppiumCommandExecutor.java:239)
at org.openqa.selenium.remote.RemoteWebDriver.execute(RemoteWebDriver.java:552)
at io.appium.java_client.DefaultGenericMobileDriver.execute(DefaultGenericMobileDriver.java:42)
at io.appium.java_client.AppiumDriver.execute(AppiumDriver.java:1)
at io.appium.java_client.ios.IOSDriver.execute(IOSDriver.java:1)
at org.openqa.selenium.remote.RemoteWebElement.execute(RemoteWebElement.java:285)
at io.appium.java_client.DefaultGenericMobileElement.execute(DefaultGenericMobileElement.java:45)
at io.appium.java_client.MobileElement.execute(MobileElement.java:1)
at io.appium.java_client.ios.IOSElement.execute(IOSElement.java:1)
at org.openqa.selenium.remote.RemoteWebElement.sendKeys(RemoteWebElement.java:106)
at com.Baseclass.startExecution(Baseclass.java:113)
at clubowner.Clubownerflow.clubSignupTest(Clubownerflow.java:22)
at sun.reflect.NativeMethodAccessorImpl.invoke0(Native Method)
at sun.reflect.NativeMethodAccessorImpl.invoke(NativeMethodAccessorImpl.java:62)
at sun.reflect.DelegatingMethodAccessorImpl.invoke(DelegatingMethodAccessorImpl.java:43)
at java.lang.reflect.Method.invoke(Method.java:498)
at org.testng.internal.MethodInvocationHelper.invokeMethod(MethodInvocationHelper.java:124)
at org.testng.internal.Invoker.invokeMethod(Invoker.java:583)
at org.testng.internal.Invoker.invokeTestMethod(Invoker.java:719)
at org.testng.internal.Invoker.invokeTestMethods(Invoker.java:989)
at org.testng.internal.TestMethodWorker.invokeTestMethods(TestMethodWorker.java:125)
at org.testng.internal.TestMethodWorker.run(TestMethodWorker.java:109)
at org.testng.TestRunner.privateRun(TestRunner.java:648)
at org.testng.TestRunner.run(TestRunner.java:505)
at org.testng.SuiteRunner.runTest(SuiteRunner.java:455)
at org.testng.SuiteRunner.runSequentially(SuiteRunner.java:450)
at org.testng.SuiteRunner.privateRun(SuiteRunner.java:415)
at org.testng.SuiteRunner.run(SuiteRunner.java:364)
at org.testng.SuiteRunnerWorker.runSuite(SuiteRunnerWorker.java:52)
at org.testng.SuiteRunnerWorker.run(SuiteRunnerWorker.java:84)
at org.testng.TestNG.runSuitesSequentially(TestNG.java:1208)
at org.testng.TestNG.runSuitesLocally(TestNG.java:1137)
at org.testng.TestNG.runSuites(TestNG.java:1049)
at org.testng.TestNG.run(TestNG.java:1017)
at org.apache.maven.surefire.testng.TestNGExecutor.run(TestNGExecutor.java:283)
at org.apache.maven.surefire.testng.TestNGXmlTestSuite.execute(TestNGXmlTestSuite.java:75)
at org.apache.maven.surefire.testng.TestNGProvider.invoke(TestNGProvider.java:120)
at org.apache.maven.surefire.booter.ForkedBooter.invokeProviderInSameClassLoader(ForkedBooter.java:379)
at org.apache.maven.surefire.booter.ForkedBooter.runSuitesInProcess(ForkedBooter.java:340)
at org.apache.maven.surefire.booter.ForkedBooter.execute(ForkedBooter.java:125)
at org.apache.maven.surefire.booter.ForkedBooter.main(ForkedBooter.java:413)
]]>
            </full-stacktrace>
          </exception> <!-- org.openqa.selenium.WebDriverException -->
          <reporter-output>
          </reporter-output>
        </test-method> <!-- clubSignupTest -->
      </class> <!-- clubowner.Clubownerflow -->
    </test> <!-- ClubownerFlow test -->
  </suite> <!-- ClubownerFlow -->
</testng-results>
