<?xml version="1.0" encoding="UTF-8"?>
<testsuite xmlns:xsi="http://www.w3.org/2001/XMLSchema-instance" xsi:noNamespaceSchemaLocation="https://maven.apache.org/surefire/maven-surefire-plugin/xsd/surefire-test-report.xsd" name="TestSuite" time="160.884" tests="7" errors="0" skipped="0" failures="5">
  <properties>
[...]
</properties>
  <testcase name="applauchTest" classname="clubowner.Clubownerflow" time="12.693"/>
  <testcase name="splashTest" classname="clubowner.Clubownerflow" time="6.563"/>
  <testcase name="clubSignupTest" classname="clubowner.Clubownerflow" time="74.822">
    <failure message="An element could not be located on the page using the given search parameters.&#10;For documentation on this error, please visit: https://www.seleniumhq.org/exceptions/no_such_element.html&#10;Build info: version: &apos;3.141.59&apos;, revision: &apos;e82be7d358&apos;, time: &apos;2018-11-14T08:17:03&apos;&#10;System info: host: &apos;YuvrajR.local&apos;, ip: &apos;fe80:0:0:0:409:84e9:fd2a:336b%en0&apos;, os.name: &apos;Mac OS X&apos;, os.arch: &apos;x86_64&apos;, os.version: &apos;10.13.6&apos;, java.version: &apos;1.8.0_192&apos;&#10;Driver info: io.appium.java_client.ios.IOSDriver&#10;Capabilities {app: /Users/yuvraj.rajput/Deskto..., automationName: XCUITest, browserName: , databaseEnabled: false, deviceName: iPhone 6s Plus (12.2), javascriptEnabled: true, locationContextEnabled: false, networkConnectionEnabled: false, platform: MAC, platformName: iOS, platformVersion: 12.3.1, takesScreenshot: true, udid: F0D1378E-5C99-494E-9C5D-4C7..., webStorageEnabled: false}&#10;Session ID: d9129cf3-ad13-4dc5-8a22-dc6c604b32b9&#10;*** Element info: {Using=name, value=COME BACK LATER}" type="org.openqa.selenium.NoSuchElementException">org.openqa.selenium.NoSuchElementException: 
An element could not be located on the page using the given search parameters.
For documentation on this error, please visit: https://www.seleniumhq.org/exceptions/no_such_element.html
Build info: version: '3.141.59', revision: 'e82be7d358', time: '2018-11-14T08:17:03'
System info: host: 'YuvrajR.local', ip: 'fe80:0:0:0:409:84e9:fd2a:336b%en0', os.name: 'Mac OS X', os.arch: 'x86_64', os.version: '10.13.6', java.version: '1.8.0_192'
Driver info: io.appium.java_client.ios.IOSDriver
Capabilities {app: /Users/yuvraj.rajput/Deskto..., automationName: XCUITest, browserName: , databaseEnabled: false, deviceName: iPhone 6s Plus (12.2), javascriptEnabled: true, locationContextEnabled: false, networkConnectionEnabled: false, platform: MAC, platformName: iOS, platformVersion: 12.3.1, takesScreenshot: true, udid: F0D1378E-5C99-494E-9C5D-4C7..., webStorageEnabled: false}
Session ID: d9129cf3-ad13-4dc5-8a22-dc6c604b32b9
*** Element info: {Using=name, value=COME BACK LATER}
	at clubowner.Clubownerflow.clubSignupTest(Clubownerflow.java:37)
</failure>
    <system-out><![CDATA[Into club SignUP
]]></system-out>
  </testcase>
  <testcase name="clubApproveTest" classname="clubowner.Clubownerflow" time="17.441">
    <failure type="java.lang.NullPointerException">java.lang.NullPointerException
	at clubowner.Clubownerflow.clubApproveTest(Clubownerflow.java:45)
</failure>
    <system-out><![CDATA[Into club Approve
Club Approved
]]></system-out>
    <system-err><![CDATA[Starting ChromeDriver 76.0.3809.68 (420c9498db8ce8fcd190a954d51297672c1515d5-refs/branch-heads/3809@{#864}) on port 36749
Only local connections are allowed.
Please protect ports used by ChromeDriver and related test frameworks to prevent access by malicious code.
Aug 14, 2019 6:50:16 PM org.openqa.selenium.remote.ProtocolHandshake createSession
INFO: Detected dialect: W3C
]]></system-err>
  </testcase>
  <testcase name="clubLoginTest" classname="clubowner.Clubownerflow" time="13.582">
    <failure message="An element could not be located on the page using the given search parameters.&#10;For documentation on this error, please visit: https://www.seleniumhq.org/exceptions/no_such_element.html&#10;Build info: version: &apos;3.141.59&apos;, revision: &apos;e82be7d358&apos;, time: &apos;2018-11-14T08:17:03&apos;&#10;System info: host: &apos;YuvrajR.local&apos;, ip: &apos;fe80:0:0:0:409:84e9:fd2a:336b%en0&apos;, os.name: &apos;Mac OS X&apos;, os.arch: &apos;x86_64&apos;, os.version: &apos;10.13.6&apos;, java.version: &apos;1.8.0_192&apos;&#10;Driver info: io.appium.java_client.ios.IOSDriver&#10;Capabilities {app: /Users/yuvraj.rajput/Deskto..., automationName: XCUITest, browserName: , databaseEnabled: false, deviceName: iPhone 6s Plus (12.2), javascriptEnabled: true, locationContextEnabled: false, networkConnectionEnabled: false, platform: MAC, platformName: iOS, platformVersion: 12.3.1, takesScreenshot: true, udid: F0D1378E-5C99-494E-9C5D-4C7..., webStorageEnabled: false}&#10;Session ID: d9129cf3-ad13-4dc5-8a22-dc6c604b32b9&#10;*** Element info: {Using=accessibility id, value=SIGN IN}" type="org.openqa.selenium.NoSuchElementException">org.openqa.selenium.NoSuchElementException: 
An element could not be located on the page using the given search parameters.
For documentation on this error, please visit: https://www.seleniumhq.org/exceptions/no_such_element.html
Build info: version: '3.141.59', revision: 'e82be7d358', time: '2018-11-14T08:17:03'
System info: host: 'YuvrajR.local', ip: 'fe80:0:0:0:409:84e9:fd2a:336b%en0', os.name: 'Mac OS X', os.arch: 'x86_64', os.version: '10.13.6', java.version: '1.8.0_192'
Driver info: io.appium.java_client.ios.IOSDriver
Capabilities {app: /Users/yuvraj.rajput/Deskto..., automationName: XCUITest, browserName: , databaseEnabled: false, deviceName: iPhone 6s Plus (12.2), javascriptEnabled: true, locationContextEnabled: false, networkConnectionEnabled: false, platform: MAC, platformName: iOS, platformVersion: 12.3.1, takesScreenshot: true, udid: F0D1378E-5C99-494E-9C5D-4C7..., webStorageEnabled: false}
Session ID: d9129cf3-ad13-4dc5-8a22-dc6c604b32b9
*** Element info: {Using=accessibility id, value=SIGN IN}
	at clubowner.Clubownerflow.clubLoginTest(Clubownerflow.java:56)
</failure>
    <system-out><![CDATA[Into club LoginTest
]]></system-out>
  </testcase>
  <testcase name="createPasscodeTest" classname="clubowner.Clubownerflow" time="10.035">
    <failure message="An element could not be located on the page using the given search parameters.&#10;For documentation on this error, please visit: https://www.seleniumhq.org/exceptions/no_such_element.html&#10;Build info: version: &apos;3.141.59&apos;, revision: &apos;e82be7d358&apos;, time: &apos;2018-11-14T08:17:03&apos;&#10;System info: host: &apos;YuvrajR.local&apos;, ip: &apos;fe80:0:0:0:409:84e9:fd2a:336b%en0&apos;, os.name: &apos;Mac OS X&apos;, os.arch: &apos;x86_64&apos;, os.version: &apos;10.13.6&apos;, java.version: &apos;1.8.0_192&apos;&#10;Driver info: io.appium.java_client.ios.IOSDriver&#10;Capabilities {app: /Users/yuvraj.rajput/Deskto..., automationName: XCUITest, browserName: , databaseEnabled: false, deviceName: iPhone 6s Plus (12.2), javascriptEnabled: true, locationContextEnabled: false, networkConnectionEnabled: false, platform: MAC, platformName: iOS, platformVersion: 12.3.1, takesScreenshot: true, udid: F0D1378E-5C99-494E-9C5D-4C7..., webStorageEnabled: false}&#10;Session ID: d9129cf3-ad13-4dc5-8a22-dc6c604b32b9&#10;*** Element info: {Using=accessibility id, value=createpasscode}" type="org.openqa.selenium.NoSuchElementException">org.openqa.selenium.NoSuchElementException: 
An element could not be located on the page using the given search parameters.
For documentation on this error, please visit: https://www.seleniumhq.org/exceptions/no_such_element.html
Build info: version: '3.141.59', revision: 'e82be7d358', time: '2018-11-14T08:17:03'
System info: host: 'YuvrajR.local', ip: 'fe80:0:0:0:409:84e9:fd2a:336b%en0', os.name: 'Mac OS X', os.arch: 'x86_64', os.version: '10.13.6', java.version: '1.8.0_192'
Driver info: io.appium.java_client.ios.IOSDriver
Capabilities {app: /Users/yuvraj.rajput/Deskto..., automationName: XCUITest, browserName: , databaseEnabled: false, deviceName: iPhone 6s Plus (12.2), javascriptEnabled: true, locationContextEnabled: false, networkConnectionEnabled: false, platform: MAC, platformName: iOS, platformVersion: 12.3.1, takesScreenshot: true, udid: F0D1378E-5C99-494E-9C5D-4C7..., webStorageEnabled: false}
Session ID: d9129cf3-ad13-4dc5-8a22-dc6c604b32b9
*** Element info: {Using=accessibility id, value=createpasscode}
	at clubowner.Clubownerflow.createPasscodeTest(Clubownerflow.java:63)
</failure>
    <system-out><![CDATA[Into create Passcode
]]></system-out>
  </testcase>
  <testcase name="createEventTest" classname="clubowner.Clubownerflow" time="21.044">
    <failure message="Expected condition failed: waiting for visibility of element located by By.AccessibilityId: tonight (tried for 15 second(s) with 500 milliseconds interval)" type="org.openqa.selenium.TimeoutException">org.openqa.selenium.TimeoutException: Expected condition failed: waiting for visibility of element located by By.AccessibilityId: tonight (tried for 15 second(s) with 500 milliseconds interval)
	at clubowner.Clubownerflow.createEventTest(Clubownerflow.java:71)
Caused by: org.openqa.selenium.NoSuchElementException: 
An element could not be located on the page using the given search parameters.
For documentation on this error, please visit: https://www.seleniumhq.org/exceptions/no_such_element.html
Build info: version: '3.141.59', revision: 'e82be7d358', time: '2018-11-14T08:17:03'
System info: host: 'YuvrajR.local', ip: 'fe80:0:0:0:409:84e9:fd2a:336b%en0', os.name: 'Mac OS X', os.arch: 'x86_64', os.version: '10.13.6', java.version: '1.8.0_192'
Driver info: io.appium.java_client.ios.IOSDriver
Capabilities {app: /Users/yuvraj.rajput/Deskto..., automationName: XCUITest, browserName: , databaseEnabled: false, deviceName: iPhone 6s Plus (12.2), javascriptEnabled: true, locationContextEnabled: false, networkConnectionEnabled: false, platform: MAC, platformName: iOS, platformVersion: 12.3.1, takesScreenshot: true, udid: F0D1378E-5C99-494E-9C5D-4C7..., webStorageEnabled: false}
Session ID: d9129cf3-ad13-4dc5-8a22-dc6c604b32b9
*** Element info: {Using=accessibility id, value=tonight}
	at clubowner.Clubownerflow.createEventTest(Clubownerflow.java:71)
</failure>
    <system-out><![CDATA[Into create Event
]]></system-out>
  </testcase>
</testsuite>